<?xml version="1.0" encoding="UTF-8"?>
<testng-results skipped="0" failed="0" ignored="0" total="0" passed="0">
  <reporter-output>
  </reporter-output>
  <suite name="com.infogain.AppTest" duration-ms="6" started-at="2017-04-11T05:40:02Z" finished-at="2017-04-11T05:40:02Z">
    <groups>
    </groups>
    <test name="Command line test" duration-ms="6" started-at="2017-04-11T05:40:02Z" finished-at="2017-04-11T05:40:02Z">
    </test> <!-- Command line test -->
  </suite> <!-- com.infogain.AppTest -->
</testng-results>
